app/build/intermediates/manifest_merge_blame_file/debug/manifest-merger-blame-debug-report.txt
1<?xml version="1.0" encoding="utf-8"?>
2<manifest xmlns:android="http://schemas.android.com/apk/res/android"
3    package="com.company.takehome"
4    android:versionCode="1"
5    android:versionName="1.0" >
6
7    <uses-sdk
8        android:minSdkVersion="26"
8-->src\main\AndroidManifest.xml
9        android:targetSdkVersion="30" />
9-->src\main\AndroidManifest.xml
10
11    <uses-permission android:name="android.permission.INTERNET" />
11-->src\main\AndroidManifest.xml:6:3-65
11-->src\main\AndroidManifest.xml:6:20-62
12    <uses-permission android:name="android.permission.ACCESS_FINE_LOCATION" />
12-->src\main\AndroidManifest.xml:7:3-77
12-->src\main\AndroidManifest.xml:7:20-74
13
14    <application
14-->src\main\AndroidManifest.xml:9:3-26:17
15        android:name="com.company.takehome.MainApplication"
15-->src\main\AndroidManifest.xml:10:7-58
16        android:allowBackup="true"
16-->src\main\AndroidManifest.xml:11:7-33
17        android:appComponentFactory="androidx.core.app.CoreComponentFactory"
17-->[androidx.core:core:1.5.0] AndroidManifest.xml:24:18-86
18        android:debuggable="true"
18-->src\main\AndroidManifest.xml:17:7-32
19        android:extractNativeLibs="false"
20        android:icon="@mipmap/ic_launcher"
20-->src\main\AndroidManifest.xml:12:7-41
21        android:label="@string/app_name"
21-->src\main\AndroidManifest.xml:13:7-39
22        android:roundIcon="@mipmap/ic_launcher_round"
22-->src\main\AndroidManifest.xml:14:7-52
23        android:supportsRtl="true"
23-->src\main\AndroidManifest.xml:15:7-33
24        android:theme="@style/AppTheme" >
24-->src\main\AndroidManifest.xml:16:7-38
25        <activity android:name="com.company.takehome.views.MainActivity" >
25-->src\main\AndroidManifest.xml:19:5-25:16
25-->src\main\AndroidManifest.xml:19:15-49
26            <intent-filter>
26-->src\main\AndroidManifest.xml:20:7-24:23
27                <action android:name="android.intent.action.MAIN" />
27-->src\main\AndroidManifest.xml:21:9-61
27-->src\main\AndroidManifest.xml:21:17-58
28
29                <category android:name="android.intent.category.LAUNCHER" />
29-->src\main\AndroidManifest.xml:23:9-69
29-->src\main\AndroidManifest.xml:23:19-66
30            </intent-filter>
31        </activity>
32
33        <provider
33-->[com.squareup.picasso:picasso:2.71828] AndroidManifest.xml:8:9-11:40
34            android:name="com.squareup.picasso.PicassoProvider"
34-->[com.squareup.picasso:picasso:2.71828] AndroidManifest.xml:9:13-64
35            android:authorities="com.company.takehome.com.squareup.picasso"
35-->[com.squareup.picasso:picasso:2.71828] AndroidManifest.xml:10:13-72
36            android:exported="false" />
36-->[com.squareup.picasso:picasso:2.71828] AndroidManifest.xml:11:13-37
37
38        <activity
38-->[com.google.android.gms:play-services-base:17.5.0] AndroidManifest.xml:23:9-26:75
39            android:name="com.google.android.gms.common.api.GoogleApiActivity"
39-->[com.google.android.gms:play-services-base:17.5.0] AndroidManifest.xml:24:13-79
40            android:exported="false"
40-->[com.google.android.gms:play-services-base:17.5.0] AndroidManifest.xml:25:13-37
41            android:theme="@android:style/Theme.Translucent.NoTitleBar" />
41-->[com.google.android.gms:play-services-base:17.5.0] AndroidManifest.xml:26:13-72
42
43        <meta-data
43-->[com.google.android.gms:play-services-basement:17.5.0] AndroidManifest.xml:23:9-25:69
44            android:name="com.google.android.gms.version"
44-->[com.google.android.gms:play-services-basement:17.5.0] AndroidManifest.xml:24:13-58
45            android:value="@integer/google_play_services_version" />
45-->[com.google.android.gms:play-services-basement:17.5.0] AndroidManifest.xml:25:13-66
46    </application>
47
48</manifest>